14 행: Winsock1 컨트롤의 MSWinsockLib.Winsock 클래스는 로드한 컨트롤 클래스가 아닙니다.
21 행: CandyButton4 컨트롤의 Project1.CandyButton 클래스는 로드한 컨트롤 클래스가 아닙니다.
50 행: CandyButton3 컨트롤의 Project1.CandyButton 클래스는 로드한 컨트롤 클래스가 아닙니다.
79 행: CandyButton2 컨트롤의 Project1.CandyButton 클래스는 로드한 컨트롤 클래스가 아닙니다.
108 행: CandyButton1 컨트롤의 Project1.CandyButton 클래스는 로드한 컨트롤 클래스가 아닙니다.
156 행: Command3 컨트롤의 Project1.CandyButton 클래스는 로드한 컨트롤 클래스가 아닙니다.
185 행: Command2 컨트롤의 Project1.CandyButton 클래스는 로드한 컨트롤 클래스가 아닙니다.
214 행: Command4 컨트롤의 Project1.CandyButton 클래스는 로드한 컨트롤 클래스가 아닙니다.
243 행: GO 컨트롤의 Project1.CandyButton 클래스는 로드한 컨트롤 클래스가 아닙니다.
281 행: Command1 컨트롤의 Project1.CandyButton 클래스는 로드한 컨트롤 클래스가 아닙니다.
326 행: Skin 컨트롤의 Project1.CubeSkin 클래스는 로드한 컨트롤 클래스가 아닙니다.
17 행: Winsock1의 _ExtentX 속성 이름이 잘못되었습니다. 
18 행: Winsock1의 _ExtentY 속성 이름이 잘못되었습니다. 
19 행: Winsock1의 _Version 속성 이름이 잘못되었습니다. 
27 행: CandyButton4의 _ExtentX 속성 이름이 잘못되었습니다. 
28 행: CandyButton4의 _ExtentY 속성 이름이 잘못되었습니다. 
38 행: CandyButton4의 Caption 속성 이름이 잘못되었습니다. 
39 행: CandyButton4의 IconHighLiteColor 속성 이름이 잘못되었습니다. 
40 행: CandyButton4의 CaptionHighLiteColor 속성 이름이 잘못되었습니다. 
41 행: CandyButton4의 Checked 속성 이름이 잘못되었습니다. 
42 행: CandyButton4의 ColorButtonHover 속성 이름이 잘못되었습니다. 
43 행: CandyButton4의 ColorButtonUp 속성 이름이 잘못되었습니다. 
44 행: CandyButton4의 ColorButtonDown 속성 이름이 잘못되었습니다. 
45 행: CandyButton4의 BorderBrightness 속성 이름이 잘못되었습니다. 
46 행: CandyButton4의 ColorBright 속성 이름이 잘못되었습니다. 
47 행: CandyButton4의 DisplayHand 속성 이름이 잘못되었습니다. 
48 행: CandyButton4의 ColorScheme 속성 이름이 잘못되었습니다. 
56 행: CandyButton3의 _ExtentX 속성 이름이 잘못되었습니다. 
57 행: CandyButton3의 _ExtentY 속성 이름이 잘못되었습니다. 
67 행: CandyButton3의 Caption 속성 이름이 잘못되었습니다. 
68 행: CandyButton3의 IconHighLiteColor 속성 이름이 잘못되었습니다. 
69 행: CandyButton3의 CaptionHighLiteColor 속성 이름이 잘못되었습니다. 
70 행: CandyButton3의 Checked 속성 이름이 잘못되었습니다. 
71 행: CandyButton3의 ColorButtonHover 속성 이름이 잘못되었습니다. 
72 행: CandyButton3의 ColorButtonUp 속성 이름이 잘못되었습니다. 
73 행: CandyButton3의 ColorButtonDown 속성 이름이 잘못되었습니다. 
74 행: CandyButton3의 BorderBrightness 속성 이름이 잘못되었습니다. 
75 행: CandyButton3의 ColorBright 속성 이름이 잘못되었습니다. 
76 행: CandyButton3의 DisplayHand 속성 이름이 잘못되었습니다. 
77 행: CandyButton3의 ColorScheme 속성 이름이 잘못되었습니다. 
85 행: CandyButton2의 _ExtentX 속성 이름이 잘못되었습니다. 
86 행: CandyButton2의 _ExtentY 속성 이름이 잘못되었습니다. 
96 행: CandyButton2의 Caption 속성 이름이 잘못되었습니다. 
97 행: CandyButton2의 IconHighLiteColor 속성 이름이 잘못되었습니다. 
98 행: CandyButton2의 CaptionHighLiteColor 속성 이름이 잘못되었습니다. 
99 행: CandyButton2의 Checked 속성 이름이 잘못되었습니다. 
100 행: CandyButton2의 ColorButtonHover 속성 이름이 잘못되었습니다. 
101 행: CandyButton2의 ColorButtonUp 속성 이름이 잘못되었습니다. 
102 행: CandyButton2의 ColorButtonDown 속성 이름이 잘못되었습니다. 
103 행: CandyButton2의 BorderBrightness 속성 이름이 잘못되었습니다. 
104 행: CandyButton2의 ColorBright 속성 이름이 잘못되었습니다. 
105 행: CandyButton2의 DisplayHand 속성 이름이 잘못되었습니다. 
106 행: CandyButton2의 ColorScheme 속성 이름이 잘못되었습니다. 
114 행: CandyButton1의 _ExtentX 속성 이름이 잘못되었습니다. 
115 행: CandyButton1의 _ExtentY 속성 이름이 잘못되었습니다. 
125 행: CandyButton1의 Caption 속성 이름이 잘못되었습니다. 
126 행: CandyButton1의 IconHighLiteColor 속성 이름이 잘못되었습니다. 
127 행: CandyButton1의 CaptionHighLiteColor 속성 이름이 잘못되었습니다. 
128 행: CandyButton1의 Checked 속성 이름이 잘못되었습니다. 
129 행: CandyButton1의 ColorButtonHover 속성 이름이 잘못되었습니다. 
130 행: CandyButton1의 ColorButtonUp 속성 이름이 잘못되었습니다. 
131 행: CandyButton1의 ColorButtonDown 속성 이름이 잘못되었습니다. 
132 행: CandyButton1의 BorderBrightness 속성 이름이 잘못되었습니다. 
133 행: CandyButton1의 ColorBright 속성 이름이 잘못되었습니다. 
134 행: CandyButton1의 DisplayHand 속성 이름이 잘못되었습니다. 
135 행: CandyButton1의 ColorScheme 속성 이름이 잘못되었습니다. 
162 행: Command3의 _ExtentX 속성 이름이 잘못되었습니다. 
163 행: Command3의 _ExtentY 속성 이름이 잘못되었습니다. 
173 행: Command3의 Caption 속성 이름이 잘못되었습니다. 
174 행: Command3의 IconHighLiteColor 속성 이름이 잘못되었습니다. 
175 행: Command3의 CaptionHighLiteColor 속성 이름이 잘못되었습니다. 
176 행: Command3의 Checked 속성 이름이 잘못되었습니다. 
177 행: Command3의 ColorButtonHover 속성 이름이 잘못되었습니다. 
178 행: Command3의 ColorButtonUp 속성 이름이 잘못되었습니다. 
179 행: Command3의 ColorButtonDown 속성 이름이 잘못되었습니다. 
180 행: Command3의 BorderBrightness 속성 이름이 잘못되었습니다. 
181 행: Command3의 ColorBright 속성 이름이 잘못되었습니다. 
182 행: Command3의 DisplayHand 속성 이름이 잘못되었습니다. 
183 행: Command3의 ColorScheme 속성 이름이 잘못되었습니다. 
191 행: Command2의 _ExtentX 속성 이름이 잘못되었습니다. 
192 행: Command2의 _ExtentY 속성 이름이 잘못되었습니다. 
202 행: Command2의 Caption 속성 이름이 잘못되었습니다. 
203 행: Command2의 IconHighLiteColor 속성 이름이 잘못되었습니다. 
204 행: Command2의 CaptionHighLiteColor 속성 이름이 잘못되었습니다. 
205 행: Command2의 Checked 속성 이름이 잘못되었습니다. 
206 행: Command2의 ColorButtonHover 속성 이름이 잘못되었습니다. 
207 행: Command2의 ColorButtonUp 속성 이름이 잘못되었습니다. 
208 행: Command2의 ColorButtonDown 속성 이름이 잘못되었습니다. 
209 행: Command2의 BorderBrightness 속성 이름이 잘못되었습니다. 
210 행: Command2의 ColorBright 속성 이름이 잘못되었습니다. 
211 행: Command2의 DisplayHand 속성 이름이 잘못되었습니다. 
212 행: Command2의 ColorScheme 속성 이름이 잘못되었습니다. 
220 행: Command4의 _ExtentX 속성 이름이 잘못되었습니다. 
221 행: Command4의 _ExtentY 속성 이름이 잘못되었습니다. 
231 행: Command4의 Caption 속성 이름이 잘못되었습니다. 
232 행: Command4의 IconHighLiteColor 속성 이름이 잘못되었습니다. 
233 행: Command4의 CaptionHighLiteColor 속성 이름이 잘못되었습니다. 
234 행: Command4의 Checked 속성 이름이 잘못되었습니다. 
235 행: Command4의 ColorButtonHover 속성 이름이 잘못되었습니다. 
236 행: Command4의 ColorButtonUp 속성 이름이 잘못되었습니다. 
237 행: Command4의 ColorButtonDown 속성 이름이 잘못되었습니다. 
238 행: Command4의 BorderBrightness 속성 이름이 잘못되었습니다. 
239 행: Command4의 ColorBright 속성 이름이 잘못되었습니다. 
240 행: Command4의 DisplayHand 속성 이름이 잘못되었습니다. 
241 행: Command4의 ColorScheme 속성 이름이 잘못되었습니다. 
249 행: GO의 _ExtentX 속성 이름이 잘못되었습니다. 
250 행: GO의 _ExtentY 속성 이름이 잘못되었습니다. 
260 행: GO의 Caption 속성 이름이 잘못되었습니다. 
261 행: GO의 IconHighLiteColor 속성 이름이 잘못되었습니다. 
262 행: GO의 CaptionHighLiteColor 속성 이름이 잘못되었습니다. 
263 행: GO의 Checked 속성 이름이 잘못되었습니다. 
264 행: GO의 ColorButtonHover 속성 이름이 잘못되었습니다. 
265 행: GO의 ColorButtonUp 속성 이름이 잘못되었습니다. 
266 행: GO의 ColorButtonDown 속성 이름이 잘못되었습니다. 
267 행: GO의 BorderBrightness 속성 이름이 잘못되었습니다. 
268 행: GO의 ColorBright 속성 이름이 잘못되었습니다. 
269 행: GO의 DisplayHand 속성 이름이 잘못되었습니다. 
270 행: GO의 ColorScheme 속성 이름이 잘못되었습니다. 
287 행: Command1의 _ExtentX 속성 이름이 잘못되었습니다. 
288 행: Command1의 _ExtentY 속성 이름이 잘못되었습니다. 
298 행: Command1의 Caption 속성 이름이 잘못되었습니다. 
299 행: Command1의 IconHighLiteColor 속성 이름이 잘못되었습니다. 
300 행: Command1의 CaptionHighLiteColor 속성 이름이 잘못되었습니다. 
301 행: Command1의 Checked 속성 이름이 잘못되었습니다. 
302 행: Command1의 ColorButtonHover 속성 이름이 잘못되었습니다. 
303 행: Command1의 ColorButtonUp 속성 이름이 잘못되었습니다. 
304 행: Command1의 ColorButtonDown 속성 이름이 잘못되었습니다. 
305 행: Command1의 BorderBrightness 속성 이름이 잘못되었습니다. 
306 행: Command1의 ColorBright 속성 이름이 잘못되었습니다. 
307 행: Command1의 DisplayHand 속성 이름이 잘못되었습니다. 
308 행: Command1의 ColorScheme 속성 이름이 잘못되었습니다. 
332 행: Skin의 _ExtentX 속성 이름이 잘못되었습니다. 
333 행: Skin의 _ExtentY 속성 이름이 잘못되었습니다. 
334 행: Skin의 Caption 속성 이름이 잘못되었습니다. 
